"../../../Engine/Content/Functions/Engine_MaterialFunctions01/Opacity/CameraDepthFade.uasset" 0
"../../../Engine/Content/EngineMaterials/T_Default_Material_Grid_M.uasset" 1
"../../../Engine/Content/EngineMaterials/T_Default_Material_Grid_N.uasset" 2
"../../../Engine/Content/EngineMaterials/DefaultMaterial.uasset" 3
"../../../Engine/Content/BasicShapes/Cone.uasset" 4
"../../../Engine/Content/EngineMaterials/WorldGridMaterial.uasset" 5
"../../../Engine/Content/BasicShapes/Cube.uasset" 6
"../../../Engine/Content/BasicShapes/Cylinder.uasset" 7
"../../../Engine/Content/BasicShapes/Plane.uasset" 8
"../../../Engine/Content/BasicShapes/Sphere.uasset" 9
"../../../Engine/Content/EditorLandscapeResources/DataLayer.uasset" 10
"../../../Engine/Content/EditorMaterials/GizmoMaterial.uasset" 11
"../../../Engine/Content/EditorMaterials/MAT_Groups_Toggle.uasset" 12
"../../../Engine/Content/EditorMaterials/MAT_Groups_Visibility.uasset" 13
"../../../Engine/Content/EditorMaterials/PreviewShadowIndicator.uasset" 14
"../../../Engine/Content/EditorMaterials/PreviewShadowIndicatorMaterial.uasset" 15
"../../../Engine/Content/EditorMaterials/AssetViewer/EpicQuadPanorama_CC+EV1.uasset" 16
"../../../Engine/Content/EditorMaterials/MatineeGroups/MAT_ColorTrack.uasset" 17
"../../../Engine/Content/EditorMaterials/MatineeGroups/MAT_Groups_Anim.uasset" 18
"../../../Engine/Content/EditorMaterials/MatineeGroups/MAT_Groups_AudioMaster.uasset" 19
"../../../Engine/Content/EditorMaterials/MatineeGroups/MAT_Groups_Director.uasset" 20
"../../../Engine/Content/EditorMaterials/MatineeGroups/MAT_Groups_Event.uasset" 21
"../../../Engine/Content/EditorMaterials/MatineeGroups/MAT_Groups_Fade.uasset" 22
"../../../Engine/Content/EditorMaterials/MatineeGroups/MAT_Groups_Float.uasset" 23
"../../../Engine/Content/EditorMaterials/MatineeGroups/MAT_Groups_Move.uasset" 24
"../../../Engine/Content/EditorMaterials/MatineeGroups/MAT_Groups_Slomo.uasset" 25
"../../../Engine/Content/EditorMaterials/MatineeGroups/MAT_Groups_Sound.uasset" 26
"../../../Engine/Content/EditorMaterials/MatineeGroups/MAT_Groups_Vector.uasset" 27
"../../../Engine/Content/EditorMaterials/ParticleSystems/PSysThumbnail_NoImage.uasset" 28
"../../../Engine/Content/EditorMaterials/ParticleSystems/PSysThumbnail_OOD.uasset" 29
"../../../Engine/Content/EditorMaterials/Camera/CineMat.uasset" 30
"../../../Engine/Content/EditorMaterials/Camera/MI_CineMat_Rig.uasset" 31
"../../../Engine/Content/EditorMeshes/Camera/SM_CraneRig_Arm.uasset" 32
"../../../Engine/Content/EditorMeshes/Camera/SM_CraneRig_Base.uasset" 33
"../../../Engine/Content/EditorMeshes/Camera/SM_CraneRig_Body.uasset" 34
"../../../Engine/Content/EditorMeshes/Camera/SM_CraneRig_Mount.uasset" 35
"../../../Engine/Content/EditorMeshes/Camera/SM_RailRig_Mount.uasset" 36
"../../../Engine/Content/EditorMeshes/Camera/SM_RailRig_Track.uasset" 37
"../../../Engine/Content/EditorMeshes/ColorCalibrator/M_ChromeBall.uasset" 38
"../../../Engine/Content/EditorMeshes/ColorCalibrator/M_ClearCoat.uasset" 39
"../../../Engine/Content/EditorMeshes/ColorCalibrator/M_ClearCoatBlack.uasset" 40
"../../../Engine/Content/EditorMeshes/ColorCalibrator/T_ColorGrid.uasset" 41
"../../../Engine/Content/EditorMeshes/ColorCalibrator/M_ColorGrid.uasset" 42
"../../../Engine/Content/EditorMeshes/ColorCalibrator/M_GreyBall.uasset" 43
"../../../Engine/Content/EditorMeshes/ColorCalibrator/SM_ColorCalibrator.uasset" 44
"../../../Engine/Content/EditorResources/BSPVertex.uasset" 45
"../../../Engine/Content/EditorResources/EmptyActor.uasset" 46
"../../../Engine/Content/EditorResources/S_Actor.uasset" 47
"../../../Engine/Content/EditorResources/S_Trigger.uasset" 48
"../../../Engine/Content/EditorResources/LightIcons/S_LightError.uasset" 49
"../../../Engine/Content/EditorResources/SequenceRecorder/Countdown.uasset" 50
"../../../Engine/Content/EditorResources/SequenceRecorder/RecordingIndicator.uasset" 51
"../../../Engine/Content/EditorSounds/Notifications/CompileFailed.uasset" 52
"../../../Engine/Content/EditorSounds/Notifications/CompileFailed_Cue.uasset" 53
"../../../Engine/Content/EditorSounds/Notifications/CompileSuccess.uasset" 54
"../../../Engine/Content/EditorSounds/Notifications/CompileStart_Cue.uasset" 55
"../../../Engine/Content/EditorSounds/Notifications/CompileSuccess_Cue.uasset" 56
"../../../Engine/Content/EngineDamageTypes/DmgTypeBP_Environmental.uasset" 57
"../../../Engine/Content/EngineDebugMaterials/HeatmapGradient.uasset" 58
"../../../Engine/Content/EngineDebugMaterials/BoneWeightMaterial.uasset" 59
"../../../Engine/Content/EngineDebugMaterials/ClothMaterial.uasset" 60
"../../../Engine/Content/EngineDebugMaterials/ClothMaterial_WF.uasset" 61
"../../../Engine/Content/EngineDebugMaterials/DebugEditorMaterial.uasset" 62
"../../../Engine/Content/EngineDebugMaterials/DebugMeshMaterial.uasset" 63
"../../../Engine/Content/EngineDebugMaterials/GeomMaterial.uasset" 64
"../../../Engine/Content/EngineFonts/Faces/RobotoBold.uasset" 65
"../../../Engine/Content/EngineFonts/Faces/RobotoBoldItalic.uasset" 66
"../../../Engine/Content/EngineFonts/Faces/RobotoItalic.uasset" 67
"../../../Engine/Content/EngineFonts/Faces/RobotoLight.uasset" 68
"../../../Engine/Content/EngineFonts/Faces/RobotoRegular.uasset" 69
"../../../Engine/Content/EngineFonts/Roboto.uasset" 70
"../../../Engine/Content/EngineFonts/Faces/RobotoTiny.uasset" 71
"../../../Engine/Content/EngineFonts/RobotoTiny.uasset" 72
"../../../Engine/Content/EngineMaterials/DefaultBloomKernel.uasset" 73
"../../../Engine/Content/EngineMaterials/DefaultBokeh.uasset" 74
"../../../Engine/Content/EngineMaterials/DefaultDiffuse.uasset" 75
"../../../Engine/Content/EngineMaterials/DefaultDeferredDecalMaterial.uasset" 76
"../../../Engine/Content/EngineMaterials/DefaultLightFunctionMaterial.uasset" 77
"../../../Engine/Content/EngineMaterials/DefaultPhysicalMaterial.uasset" 78
"../../../Engine/Content/Functions/Engine_MaterialFunctions02/Utility/BreakOutFloat2Components.uasset" 79
"../../../Engine/Content/EngineMaterials/DefaultPostProcessMaterial.uasset" 80
"../../../Engine/Content/EngineFonts/RobotoDistanceField.uasset" 81
"../../../Engine/Content/EngineMaterials/DefaultTextMaterialOpaque.uasset" 82
"../../../Engine/Content/EngineMaterials/DefaultWhiteGrid.uasset" 83
"../../../Engine/Content/EngineMaterials/EditorBrushMaterial.uasset" 84
"../../../Engine/Content/EngineMaterials/Good64x64TilingNoiseHighFreq.uasset" 85
"../../../Engine/Content/EngineMaterials/MiniFont.uasset" 86
"../../../Engine/Content/EngineMaterials/InvalidLightmapSettings.uasset" 87
"../../../Engine/Content/EngineMaterials/M_InvalidLightmapSettings.uasset" 88
"../../../Engine/Content/EngineMaterials/PhAT_JointLimitMaterial.uasset" 89
"../../../Engine/Content/EngineMaterials/PreintegratedSkinBRDF.uasset" 90
"../../../Engine/Content/EngineMaterials/RemoveSurfaceMaterial.uasset" 91
"../../../Engine/Content/EngineMaterials/WeightMapPlaceholderTexture.uasset" 92
"../../../Engine/Content/EngineResources/WhiteSquareTexture.uasset" 93
"../../../Engine/Content/EngineMaterials/Widget3DPassThrough.uasset" 94
"../../../Engine/Content/EngineMaterials/Widget3DPassThrough_Masked.uasset" 95
"../../../Engine/Content/EngineMaterials/Widget3DPassThrough_Opaque.uasset" 96
"../../../Engine/Content/EngineMaterials/Widget3DPassThrough_Masked_OneSided.uasset" 97
"../../../Engine/Content/EngineMaterials/Widget3DPassThrough_Opaque_OneSided.uasset" 98
"../../../Engine/Content/EngineMaterials/Widget3DPassThrough_Translucent.uasset" 99
"../../../Engine/Content/EngineMaterials/Widget3DPassThrough_Translucent_OneSided.uasset" 100
"../../../Engine/Content/EngineMeshes/Cube.uasset" 101
"../../../Engine/Content/EngineMeshes/Cylinder.uasset" 102
"../../../Engine/Content/EngineMeshes/Sphere.uasset" 103
"../../../Engine/Content/EngineResources/Black.uasset" 104
"../../../Engine/Content/EngineResources/DefaultTexture.uasset" 105
"../../../Engine/Content/EngineResources/DefaultTextureCube.uasset" 106
"../../../Engine/Content/EngineResources/GradientTexture0.uasset" 107
"../../../Engine/Content/EngineSounds/Master.uasset" 108
"../../../Engine/Content/Functions/Engine_MaterialFunctions01/Shading/ConvertFromDiffSpec.uasset" 109
"../../../Engine/Content/Functions/Engine_MaterialFunctions01/Shading/PowerToRoughness.uasset" 110
"../../../Engine/Content/Maps/Templates/Thumbnails/Default.uasset" 111
"../../../Engine/Content/Maps/Templates/Thumbnails/VR-Basic.uasset" 112
"../../../Engine/Content/MobileResources/T_MobileControls_texture.uasset" 113
"../../../Engine/Content/MobileResources/T_MobileMenu2.uasset" 114
"../../../Engine/Content/MobileResources/HUD/AnalogHat.uasset" 115
"../../../Engine/Content/MobileResources/HUD/VirtualJoystick_Background.uasset" 116
"../../../Engine/Content/MobileResources/HUD/VirtualJoystick_Thumb.uasset" 117
"../../../Engine/Content/MobileResources/HUD/DefaultVirtualJoysticks.uasset" 118
"../../../Engine/Content/MobileResources/HUD/LeftVirtualJoystickOnly.uasset" 119
"../../../Engine/Content/MobileResources/HUD/MobileHUDButton1_off.uasset" 120
"../../../Engine/Content/MobileResources/HUD/MobileHUDButton1_on.uasset" 121
"../../../Engine/Content/MobileResources/HUD/MobileHUDButton2_off.uasset" 122
"../../../Engine/Content/MobileResources/HUD/MobileHUDButton2_on.uasset" 123
"../../../Engine/Content/MobileResources/HUD/MobileHUDButton3.uasset" 124
"../../../Engine/Content/MobileResources/HUD/MobileHUDButtonFire.uasset" 125
"../../../Engine/Content/MobileResources/HUD/MobileHUDDirectionPad.uasset" 126
"../../../Engine/Content/MobileResources/HUD/MobileHUDDirectionPad2.uasset" 127
"../../../Engine/Content/MobileResources/HUD/MobileHUDDirectionPad3.uasset" 128
"../../../Engine/Content/MobileResources/HUD/MobileHUDDirectionStick.uasset" 129
"../../../Engine/Content/MobileResources/HUD/T_Castle_ThumbstickInner.uasset" 130
"../../../Engine/Content/MobileResources/HUD/T_Castle_ThumbstickOutter.uasset" 131
"../../../Engine/Content/Tutorial/ContentIntroCurve.uasset" 132
"../../../Engine/Content/Tutorial/Basics/TutorialAssets/icon_tab_Levels_40x.uasset" 133
"../../../Engine/Content/Tutorial/BlueprintTutorials/TutorialAssets/BlueprintInterface_64x.uasset" 134
"../../../Engine/Content/Tutorial/BlueprintTutorials/TutorialAssets/BlueprintMacroLibrary_64x.uasset" 135
"../../../Engine/Content/Tutorial/BlueprintTutorials/TutorialAssets/Blueprint_64x.uasset" 136
"../../../Engine/Content/Tutorial/BlueprintTutorials/TutorialAssets/Tutorial_BP_Interface.uasset" 137
"../../../Engine/Content/Tutorial/Foliage/TutorialAssets/Foliage.uasset" 138
"../../../Engine/Content/Tutorial/Landscape/TutorialAssets/Landscape.uasset" 139
"../../../Engine/Content/Tutorial/Paper2D/TutorialAssets/Paper2DFlipbook_TutorialIcon.uasset" 140
"../../../Engine/Content/Tutorial/Paper2D/TutorialAssets/Paper2DSprite_TutorialIcon.uasset" 141
"../../../Engine/Content/Tutorial/SubEditors/TutorialAssets/icon_Editor_Preferences_General_40x.uasset" 142
"../../../Engine/Content/Tutorial/SubEditors/TutorialAssets/icon_ShowSkeletalMeshes_40x.uasset" 143
"../../../Engine/Content/Tutorial/SubEditors/TutorialAssets/TutorialMaterial.uasset" 144
"../../../Engine/Content/Tutorial/SubEditors/TutorialAssets/T_SmokeSubUV_8X8.uasset" 145
"../../../Engine/Content/Tutorial/SubEditors/TutorialAssets/T_soft_smoke.uasset" 146
"../../../Engine/Content/Tutorial/SubEditors/TutorialAssets/M_smoke_subUV_blackbody.uasset" 147
"../../../Engine/Content/Tutorial/SubEditors/TutorialAssets/TutorialParticleSystem.uasset" 148
"../../../Engine/Content/EditorMeshes/EditorCube.uasset" 149
"../../../Engine/Content/Tutorial/SubEditors/TutorialAssets/Tutorial_DM.uasset" 150
"../../../Engine/Content/VREditor/Devices/Generic/GenericHMDMaterial.uasset" 151
"../../../Engine/Content/VREditor/Devices/Generic/GenericHMD.uasset" 152
"../../../Engine/Content/VREditor/FloatingText/LineMaterial.uasset" 153
"../../../Engine/Content/VREditor/FloatingText/JointSphere.uasset" 154
"../../../Engine/Content/VREditor/FloatingText/LineSegmentCylinder.uasset" 155
"../../../Engine/Content/VREditor/Fonts/VRText_RobotoLarge.uasset" 156
"../../../Engine/Content/VREditor/Fonts/VRTextMaterial.uasset" 157
"../../../Engine/Content/VREditor/Fonts/TranslucentVRTextMaterial.uasset" 158
"../../../Engine/Content/VREditor/LaserPointer/CursorPointer.uasset" 159
"../../../Engine/Content/VREditor/LaserPointer/VR_LaserPower_01.uasset" 160
"../../../Engine/Content/VREditor/TransformGizmo/TransformGizmoMaterial.uasset" 161
"../../../Engine/Content/VREditor/LaserPointer/HoverMaterial.uasset" 162
"../../../Engine/Content/VREditor/TransformGizmo/TranslucentTransformGizmoMaterial.uasset" 163
"../../../Engine/Content/VREditor/LaserPointer/TranslucentHoverMaterial.uasset" 164
"../../../Engine/Content/VREditor/LaserPointer/HoverMesh.uasset" 165
"../../../Engine/Content/VREditor/LaserPointer/LaserPointerMaterial.uasset" 166
"../../../Engine/Content/VREditor/LaserPointer/LaserPointerMaterialInst.uasset" 167
"../../../Engine/Content/VREditor/LaserPointer/TranslucentLaserPointerMaterialInst.uasset" 168
"../../../Engine/Content/VREditor/LaserPointer/LaserPointerMesh.uasset" 169
"../../../Engine/Content/VREditor/LaserPointer/LaserPointerMesh_End.uasset" 170
"../../../Engine/Content/VREditor/LaserPointer/LaserPointerMesh_Start.uasset" 171
"../../../Engine/Content/Functions/Engine_MaterialFunctions02/Utility/BreakOutFloat3Components.uasset" 172
"../../../Engine/Content/Functions/Engine_MaterialFunctions02/Math/Transform3x3Matrix.uasset" 173
"../../../Engine/Content/Functions/Engine_MaterialFunctions02/SplitComponents.uasset" 174
"../../../Engine/Content/Functions/Engine_MaterialFunctions02/Utility/MakeFloat3.uasset" 175
"../../../Engine/Content/VREditor/SnapGrid/SnapGridMaterial.uasset" 176
"../../../Engine/Content/VREditor/SnapGrid/SnapGridPlaneMesh.uasset" 177
"../../../Engine/Content/VREditor/Sounds/VR_teleport.uasset" 178
"../../../Engine/Content/VREditor/Sounds/UI/Click_on_Button_Cue.uasset" 179
"../../../Engine/Content/VREditor/Sounds/UI/Dockable_Window_Close.uasset" 180
"../../../Engine/Content/VREditor/Sounds/UI/Dockable_Window_Drop.uasset" 181
"../../../Engine/Content/VREditor/Sounds/UI/Dockable_Window_Open.uasset" 182
"../../../Engine/Content/VREditor/Sounds/UI/Dockable_Window_Pick_Up.uasset" 183
"../../../Engine/Content/VREditor/Sounds/UI/Drop_Item_From_ContentBrowser.uasset" 184
"../../../Engine/Content/VREditor/Sounds/UI/Floating_UI_Open-001.uasset" 185
"../../../Engine/Content/VREditor/Sounds/UI/Gizmo_Handle_Clicked.uasset" 186
"../../../Engine/Content/VREditor/Sounds/UI/Object_PickUp.uasset" 187
"../../../Engine/Content/VREditor/Sounds/UI/Object_Snaps_To_Another_Actor.uasset" 188
"../../../Engine/Content/VREditor/Sounds/UI/Object_Snaps_To_Grid.uasset" 189
"../../../Engine/Content/VREditor/Sounds/UI/Radial_Menu_FadeOut.uasset" 190
"../../../Engine/Content/VREditor/Sounds/UI/Scaling_Down.uasset" 191
"../../../Engine/Content/VREditor/Sounds/UI/Scaling_Up.uasset" 192
"../../../Engine/Content/VREditor/Sounds/UI/Selection_Changes.uasset" 193
"../../../Engine/Content/VREditor/Sounds/UI/Teleport_Mode_Entered.uasset" 194
"../../../Engine/Content/VREditor/Teleport/TeleportDirectionMaterial.uasset" 195
"../../../Engine/Content/VREditor/Teleport/TeleportDirectionMaterial_Inst.uasset" 196
"../../../Engine/Content/VREditor/Teleport/TeleportDirectionMesh.uasset" 197
"../../../Engine/Content/VREditor/TransformGizmo/BoundingBoxCorner.uasset" 198
"../../../Engine/Content/VREditor/TransformGizmo/BoundingBoxEdge.uasset" 199
"../../../Engine/Content/VREditor/TransformGizmo/PlaneTranslationHandle.uasset" 200
"../../../Engine/Content/VREditor/TransformGizmo/RotationHandleFull.uasset" 201
"../../../Engine/Content/VREditor/TransformGizmo/RotationHandleIndicator.uasset" 202
"../../../Engine/Content/VREditor/TransformGizmo/RotationHandleQuarter.uasset" 203
"../../../Engine/Content/VREditor/TransformGizmo/Main.uasset" 204
"../../../Engine/Content/VREditor/TransformGizmo/Xray.uasset" 205
"../../../Engine/Content/VREditor/TransformGizmo/SM_Dialog_Close.uasset" 206
"../../../Engine/Content/VREditor/TransformGizmo/SM_Dialog_Move.uasset" 207
"../../../Engine/Content/VREditor/TransformGizmo/SM_Sequencer_Key.uasset" 208
"../../../Engine/Content/VREditor/TransformGizmo/StartRotationHandleIndicator.uasset" 209
"../../../Engine/Content/VREditor/TransformGizmo/TranslucentTransformGizmoMaterial_Inst.uasset" 210
"../../../Engine/Content/VREditor/TransformGizmo/TransformGizmoFreeRotation.uasset" 211
"../../../Engine/Content/VREditor/TransformGizmo/TransformGizmoMaterial_Inst.uasset" 212
"../../../Engine/Content/VREditor/TransformGizmo/TranslateArrowHandle.uasset" 213
"../../../Engine/Content/VREditor/TransformGizmo/UniformScaleHandle.uasset" 214
"../../../Engine/Content/VREditor/UI/KeyDiskMaterial.uasset" 215
"../../../Engine/Content/VREditor/UI/DiscMaterial.uasset" 216
"../../../Engine/Content/VREditor/UI/SM_Radial_Disk.uasset" 217
"../../../Engine/Content/Functions/Engine_MaterialFunctions01/Gradient/RadialGradient.uasset" 218
"../../../Engine/Content/VREditor/WorldMovementGrid/SimpleGrid.uasset" 219
"../../../Engine/Content/VREditor/WorldMovementGrid/GridMaterial.uasset" 220
"../../../Engine/Content/Functions/Engine_MaterialFunctions01/Density/ExponentialDensity.uasset" 221
"../../../Engine/Content/VREditor/WorldMovementGrid/GridPostProcess.uasset" 222
"../../../Engine/Content/EditorLandscapeResources/FlattenHeightMat.uasset" 223
"../../../Engine/Content/VREditor/WorldMovementGrid/PlaneMesh.uasset" 224
"../../../Engine/Plugins/2D/Paper2D/Content/PlaceholderTextures/DummySpriteTexture.uasset" 225
"../../../Engine/Plugins/2D/Paper2D/Content/DummySprite.uasset" 226
"../../../Engine/Plugins/2D/Paper2D/Content/DefaultPaperTerrainMaterial.uasset" 227
"../../../Engine/Plugins/2D/Paper2D/Content/DefaultSpriteMaterial.uasset" 228
"../../../Engine/Plugins/2D/Paper2D/Content/MaskedUnlitSpriteMaterial.uasset" 229
"../../../Engine/Plugins/2D/Paper2D/Content/OpaqueUnlitSpriteMaterial.uasset" 230
"../../../Engine/Plugins/Runtime/Oculus/OculusVR/Content/Textures/GearVRController_AO.uasset" 231
"../../../Engine/Plugins/Runtime/Oculus/OculusVR/Content/Textures/GearVRController_Color.uasset" 232
"../../../Engine/Plugins/Runtime/Oculus/OculusVR/Content/Textures/GearVRController_Normal.uasset" 233
"../../../Engine/Plugins/Runtime/Oculus/OculusVR/Content/Materials/GearVRControllerMaterial.uasset" 234
"../../../Engine/Plugins/Runtime/Oculus/OculusVR/Content/Meshes/GearVrController.uasset" 235
"../../../Shooter/Content/Mannequin/Character/Mesh/UE4_Mannequin_Skeleton.uasset" 236
"../../../Shooter/Content/Mannequin/Animations/ThirdPerson_Jump.uasset" 237
"../../../Shooter/Content/Mannequin/Animations/ThirdPersonJump_Loop.uasset" 238
"../../../Shooter/Content/Mannequin/Animations/ThirdPersonJump_Start.uasset" 239
"../../../Shooter/Content/Mannequin/Animations/ThirdPersonIdle.uasset" 240
"../../../Shooter/Content/Mannequin/Animations/ThirdPersonRun.uasset" 241
"../../../Shooter/Content/Mannequin/Animations/ThirdPersonWalk.uasset" 242
"../../../Shooter/Content/Mannequin/Animations/ThirdPerson_IdleRun_2D.uasset" 243
"../../../Engine/Content/EditorBlueprintResources/StandardMacros.uasset" 244
"../../../Shooter/Content/Mannequin/Animations/ThirdPerson_AnimBP.uasset" 245
"../../../Engine/Content/Functions/Engine_MaterialFunctions02/Utility/BlendAngleCorrectedNormals.uasset" 246
"../../../Engine/Content/Functions/MaterialLayerFunctions/MatLayerBlend_NormalBlend.uasset" 247
"../../../Engine/Content/Functions/MaterialLayerFunctions/MatLayerBlend_Simple.uasset" 248
"../../../Shooter/Content/Mannequin/Character/Materials/MaterialLayers/T_ML_Rubber_Blue_01_D.uasset" 249
"../../../Shooter/Content/Mannequin/Character/Materials/MaterialLayers/T_ML_Rubber_Blue_01_N.uasset" 250
"../../../Shooter/Content/Mannequin/Character/Materials/MaterialLayers/ML_GlossyBlack_Latex_UE4.uasset" 251
"../../../Shooter/Content/Mannequin/Character/Materials/MaterialLayers/ML_Plastic_Shiny_Beige.uasset" 252
"../../../Shooter/Content/Mannequin/Character/Textures/UE4_LOGO_CARD.uasset" 253
"../../../Shooter/Content/Mannequin/Character/Materials/MaterialLayers/ML_Plastic_Shiny_Beige_LOGO.uasset" 254
"../../../Shooter/Content/Mannequin/Character/Materials/MaterialLayers/T_ML_Aluminum01.uasset" 255
"../../../Shooter/Content/Mannequin/Character/Materials/MaterialLayers/T_ML_Aluminum01_N.uasset" 256
"../../../Shooter/Content/Mannequin/Character/Materials/MaterialLayers/ML_SoftMetal_UE4.uasset" 257
"../../../Shooter/Content/Mannequin/Character/Textures/UE4_Mannequin__normals.uasset" 258
"../../../Shooter/Content/Mannequin/Character/Textures/UE4_Mannequin_MAT_MASKA.uasset" 259
"../../../Shooter/Content/Mannequin/Character/Materials/M_UE4Man_Body.uasset" 260
"../../../Shooter/Content/Mannequin/Character/Textures/UE4Man_Logo_N.uasset" 261
"../../../Shooter/Content/Mannequin/Character/Materials/M_UE4Man_ChestLogo.uasset" 262
"../../../Shooter/Content/Mannequin/Character/Mesh/SK_Mannequin_PhysicsAsset.uasset" 263
"../../../Shooter/Content/Mannequin/Character/Mesh/SK_Mannequin.uasset" 264
"../../../Shooter/Content/MenuHUD/Options.uasset" 265
"../../../Shooter/Content/MenuHUD/MenuWiget.uasset" 266
"../../../Shooter/Content/ThirdPersonCPP/Blueprints/ThirdPersonCharacter.uasset" 267
"../../../Engine/Content/EngineSky/C_Sky_Cloud_Color.uasset" 268
"../../../Engine/Content/EngineSky/C_Sky_Horizon_Color.uasset" 269
"../../../Engine/Content/EngineSky/C_Sky_Zenith_Color.uasset" 270
"../../../Engine/Content/EngineSky/T_Sky_Blue.uasset" 271
"../../../Engine/Content/EngineSky/T_Sky_Clouds_M.uasset" 272
"../../../Engine/Content/EngineSky/T_Sky_Stars.uasset" 273
"../../../Engine/Content/EngineSky/M_Sky_Panning_Clouds2.uasset" 274
"../../../Engine/Content/EngineSky/SM_SkySphere.uasset" 275
"../../../Engine/Content/EngineSky/BP_Sky_Sphere.uasset" 276
"../../../Shooter/Content/StarterContent/Textures/T_MacroVariation.uasset" 277
"../../../Shooter/Content/StarterContent/Textures/T_Wood_Oak_D.uasset" 278
"../../../Shooter/Content/StarterContent/Textures/T_Wood_Oak_N.uasset" 279
"../../../Shooter/Content/StarterContent/Materials/M_Wood_Oak.uasset" 280
"../../../Shooter/Content/StarterContent/Textures/T_Perlin_Noise_M.uasset" 281
"../../../Shooter/Content/StarterContent/Textures/T_Wood_Pine_D.uasset" 282
"../../../Shooter/Content/StarterContent/Textures/T_Wood_Pine_N.uasset" 283
"../../../Shooter/Content/StarterContent/Materials/M_Wood_Pine.uasset" 284
"../../../Shooter/Content/StarterContent/Textures/T_Wood_Walnut_D.uasset" 285
"../../../Shooter/Content/StarterContent/Textures/T_Wood_Walnut_N.uasset" 286
"../../../Shooter/Content/StarterContent/Materials/M_Wood_Walnut.uasset" 287
"../../../Shooter/Content/TreeHouse/TreeHouseWithLadder.uasset" 288
"../../../Shooter/Content/TreeHouse/TreeHouseWithLadder_BP.uasset" 289
"../../../Shooter/Content/Maps/EntryMap_BuiltData.uasset" 290
"../../../Shooter/Content/Geometry/Meshes/CubeMaterial.uasset" 291
"../../../Shooter/Content/Geometry/Meshes/1M_Cube.uasset" 292
"../../../Shooter/Content/Geometry/Meshes/1M_Cube_Chamfer.uasset" 293
"../../../Shooter/Content/Geometry/Meshes/TemplateFloor.uasset" 294
"../../../Shooter/Content/ThirdPerson/Meshes/RampMaterial.uasset" 295
"../../../Shooter/Content/ThirdPerson/Meshes/Bump_StaticMesh.uasset" 296
"../../../Shooter/Content/ThirdPerson/Meshes/LeftArm_StaticMesh.uasset" 297
"../../../Shooter/Content/ThirdPerson/Meshes/Linear_Stair_StaticMesh.uasset" 298
"../../../Shooter/Content/ThirdPerson/Meshes/Ramp_StaticMesh.uasset" 299
"../../../Shooter/Content/ThirdPerson/Meshes/RightArm_StaticMesh.uasset" 300
"../../../Shooter/Content/Maps/EntryMap.umap" 301
"../../../Shooter/Content/Maps/ShooterLevel_BuiltData.uasset" 302
"../../../Shooter/Content/Maps/ShooterLevel.umap" 303
"../../../Shooter/Content/Maps/TransitionMap_BuiltData.uasset" 304
"../../../Shooter/Content/Maps/TransitionMap.umap" 305
